8.7.5: Pulling from sameersbn/gitlab
6599cadaf950: Already exists
23eda618d451: Already exists
f0be3084efe9: Already exists
52de432f084b: Already exists
a3ed95caeb02: Already exists
d6aaa9584584: Already exists
3ffe2944c121: Already exists
8adad79a7256: Already exists
b82aad406273: Pulling fs layer
f3f9ed2f40d6: Pulling fs layer
611b8e548872: Pulling fs layer
adff7d85db79: Pulling fs layer
adff7d85db79: Download complete
f3f9ed2f40d6: Download complete
611b8e548872: Download complete
b82aad406273: Verifying Checksum
b82aad406273: Download complete
b82aad406273: Pull complete
f3f9ed2f40d6: Pull complete
611b8e548872: Pull complete
adff7d85db79: Pull complete
Digest: sha256:ac788b579e5490088763160b2099bc6f78e634751adcf3e20b7188f9621f3d7e
Status: Downloaded newer image for sameersbn/gitlab:8.7.5
